2024-09-29 00:12:57,432 - INFO - KMeans model trained with inertia: 188.50278812923062
2024-09-29 00:12:58,124 - INFO - KMeans model trained with inertia: 188.50278812923062
2024-09-29 00:13:04,005 - INFO - KMeans model logged successfully in MLflow.
2024-09-29 00:13:04,012 - INFO - Starting the Flask application.
2024-09-29 00:13:04,019 - WARNING -  * Debugger is active!
2024-09-29 00:13:04,023 - INFO -  * Debugger PIN: 235-496-468
2024-09-29 00:13:04,553 - INFO - KMeans model logged successfully in MLflow.
2024-09-29 00:13:04,562 - INFO - Starting the Flask application.
2024-09-29 00:13:04,569 - WARNING -  * Debugger is active!
2024-09-29 00:13:04,575 - INFO -  * Debugger PIN: 235-496-468
2024-09-29 00:13:12,026 - INFO -  * Detected change in 'C:\\Users\\suraj\\AppData\\Local\\Programs\\Python\\Python312\\Lib\\site-packages\\flask\\__init__.py', reloading
2024-09-29 00:13:12,026 - INFO -  * Detected change in 'C:\\Users\\suraj\\AppData\\Local\\Programs\\Python\\Python312\\Lib\\site-packages\\flask\\__init__.py', reloading
2024-09-29 00:13:12,060 - INFO -  * Detected change in 'C:\\Users\\suraj\\AppData\\Local\\Programs\\Python\\Python312\\Lib\\site-packages\\flask\\sansio\\app.py', reloading
2024-09-29 00:13:12,060 - INFO -  * Detected change in 'C:\\Users\\suraj\\AppData\\Local\\Programs\\Python\\Python312\\Lib\\site-packages\\flask\\sansio\\app.py', reloading
2024-09-29 00:13:12,079 - INFO -  * Detected change in 'C:\\Users\\suraj\\AppData\\Local\\Programs\\Python\\Python312\\Lib\\site-packages\\flask\\sansio\\scaffold.py', reloading
2024-09-29 00:13:12,091 - INFO -  * Detected change in 'C:\\Users\\suraj\\AppData\\Local\\Programs\\Python\\Python312\\Lib\\site-packages\\flask\\globals.py', reloading
2024-09-29 00:13:12,092 - INFO -  * Detected change in 'C:\\Users\\suraj\\AppData\\Local\\Programs\\Python\\Python312\\Lib\\site-packages\\flask\\globals.py', reloading
2024-09-29 00:13:12,096 - INFO -  * Detected change in 'C:\\Users\\suraj\\AppData\\Local\\Programs\\Python\\Python312\\Lib\\site-packages\\flask\\wrappers.py', reloading
2024-09-29 00:13:12,101 - INFO -  * Detected change in 'C:\\Users\\suraj\\AppData\\Local\\Programs\\Python\\Python312\\Lib\\site-packages\\werkzeug\\wrappers\\__init__.py', reloading
2024-09-29 00:13:12,101 - INFO -  * Detected change in 'C:\\Users\\suraj\\AppData\\Local\\Programs\\Python\\Python312\\Lib\\site-packages\\werkzeug\\wrappers\\__init__.py', reloading
2024-09-29 00:13:12,102 - INFO -  * Detected change in 'C:\\Users\\suraj\\AppData\\Local\\Programs\\Python\\Python312\\Lib\\site-packages\\werkzeug\\wrappers\\request.py', reloading
2024-09-29 00:13:12,114 - INFO -  * Detected change in 'C:\\Users\\suraj\\AppData\\Local\\Programs\\Python\\Python312\\Lib\\site-packages\\werkzeug\\sansio\\request.py', reloading
2024-09-29 00:13:12,124 - INFO -  * Detected change in 'C:\\Users\\suraj\\AppData\\Local\\Programs\\Python\\Python312\\Lib\\site-packages\\flask\\json\\__init__.py', reloading
2024-09-29 00:13:12,125 - INFO -  * Detected change in 'C:\\Users\\suraj\\AppData\\Local\\Programs\\Python\\Python312\\Lib\\site-packages\\flask\\json\\__init__.py', reloading
2024-09-29 00:13:12,128 - INFO -  * Detected change in 'C:\\Users\\suraj\\AppData\\Local\\Programs\\Python\\Python312\\Lib\\site-packages\\werkzeug\\wrappers\\response.py', reloading
2024-09-29 00:13:12,147 - INFO -  * Detected change in 'C:\\Users\\suraj\\AppData\\Local\\Programs\\Python\\Python312\\Lib\\site-packages\\werkzeug\\sansio\\response.py', reloading
2024-09-29 00:13:12,162 - INFO -  * Detected change in 'C:\\Users\\suraj\\AppData\\Local\\Programs\\Python\\Python312\\Lib\\site-packages\\flask\\templating.py', reloading
2024-09-29 00:13:12,169 - INFO -  * Detected change in 'C:\\Users\\suraj\\AppData\\Local\\Programs\\Python\\Python312\\Lib\\site-packages\\jinja2\\__init__.py', reloading
2024-09-29 00:13:12,169 - INFO -  * Detected change in 'C:\\Users\\suraj\\AppData\\Local\\Programs\\Python\\Python312\\Lib\\site-packages\\jinja2\\__init__.py', reloading
2024-09-29 00:13:12,174 - INFO -  * Detected change in 'C:\\Users\\suraj\\AppData\\Local\\Programs\\Python\\Python312\\Lib\\site-packages\\jinja2\\environment.py', reloading
2024-09-29 00:13:12,214 - INFO -  * Detected change in 'C:\\Users\\suraj\\AppData\\Local\\Programs\\Python\\Python312\\Lib\\site-packages\\flask\\typing.py', reloading
2024-09-29 00:13:12,214 - INFO -  * Detected change in 'C:\\Users\\suraj\\AppData\\Local\\Programs\\Python\\Python312\\Lib\\site-packages\\flask\\typing.py', reloading
2024-09-29 00:13:12,219 - INFO -  * Detected change in 'C:\\Users\\suraj\\AppData\\Local\\Programs\\Python\\Python312\\Lib\\site-packages\\werkzeug\\datastructures\\__init__.py', reloading
2024-09-29 00:13:12,219 - INFO -  * Detected change in 'C:\\Users\\suraj\\AppData\\Local\\Programs\\Python\\Python312\\Lib\\site-packages\\werkzeug\\datastructures\\__init__.py', reloading
2024-09-29 00:13:12,238 - INFO -  * Detected change in 'C:\\Users\\suraj\\AppData\\Local\\Programs\\Python\\Python312\\Lib\\site-packages\\werkzeug\\utils.py', reloading
2024-09-29 00:13:12,764 - INFO -  * Detected change in 'C:\\Users\\suraj\\Desktop\\book_recommendation\\app.py', reloading
2024-09-29 00:13:12,765 - INFO -  * Detected change in 'C:\\Users\\suraj\\Desktop\\book_recommendation\\app.py', reloading
2024-09-29 00:13:12,787 - INFO -  * Detected change in 'C:\\Users\\suraj\\Desktop\\book_recommendation\\app.py', reloading
2024-09-29 00:13:12,788 - INFO -  * Detected change in 'C:\\Users\\suraj\\Desktop\\book_recommendation\\app.py', reloading
2024-09-29 00:13:18,591 - INFO - KMeans model trained with inertia: 188.50278812923062
2024-09-29 00:13:19,004 - INFO - KMeans model trained with inertia: 188.50278812923062
2024-09-29 00:13:24,402 - INFO - KMeans model logged successfully in MLflow.
2024-09-29 00:13:24,409 - INFO - Starting the Flask application...
2024-09-29 00:13:24,414 - WARNING -  * Debugger is active!
2024-09-29 00:13:24,418 - INFO -  * Debugger PIN: 235-496-468
2024-09-29 00:13:24,634 - INFO - KMeans model logged successfully in MLflow.
2024-09-29 00:13:24,639 - INFO - Starting the Flask application...
2024-09-29 00:13:24,645 - WARNING -  * Debugger is active!
2024-09-29 00:13:24,649 - INFO -  * Debugger PIN: 235-496-468
2024-09-29 00:13:37,793 - INFO - KMeans model trained with inertia: 188.50278812923062
2024-09-29 00:13:44,744 - INFO - KMeans model logged successfully in MLflow.
2024-09-29 00:13:44,751 - INFO - Starting the Flask application...
2024-09-29 00:13:44,771 - INFO - [31m[1mWARNING: This is a development server. Do not use it in a production deployment. Use a production WSGI server instead.[0m
 * Running on http://127.0.0.1:5000
2024-09-29 00:13:44,771 - INFO - [33mPress CTRL+C to quit[0m
2024-09-29 00:13:44,789 - INFO -  * Restarting with watchdog (windowsapi)
2024-09-29 00:13:49,736 - INFO - KMeans model trained with inertia: 188.50278812923062
2024-09-29 00:13:56,499 - INFO - KMeans model logged successfully in MLflow.
2024-09-29 00:13:56,509 - INFO - Starting the Flask application...
2024-09-29 00:13:56,516 - WARNING -  * Debugger is active!
2024-09-29 00:13:56,522 - INFO -  * Debugger PIN: 235-496-468
2024-09-29 00:14:49,485 - INFO -  * Detected change in 'C:\\Users\\suraj\\AppData\\Local\\Programs\\Python\\Python312\\Lib\\site-packages\\mlflow\\types\\__init__.py', reloading
2024-09-29 00:14:49,487 - INFO -  * Detected change in 'C:\\Users\\suraj\\AppData\\Local\\Programs\\Python\\Python312\\Lib\\site-packages\\mlflow\\types\\schema.py', reloading
2024-09-29 00:14:49,488 - INFO -  * Detected change in 'C:\\Users\\suraj\\AppData\\Local\\Programs\\Python\\Python312\\Lib\\site-packages\\mlflow\\types\\schema.py', reloading
2024-09-29 00:14:49,488 - INFO -  * Detected change in 'C:\\Users\\suraj\\AppData\\Local\\Programs\\Python\\Python312\\Lib\\site-packages\\mlflow\\types\\__init__.py', reloading
2024-09-29 00:14:49,488 - INFO -  * Detected change in 'C:\\Users\\suraj\\AppData\\Local\\Programs\\Python\\Python312\\Lib\\site-packages\\mlflow\\types\\schema.py', reloading
2024-09-29 00:14:49,611 - INFO -  * Detected change in 'C:\\Users\\suraj\\AppData\\Local\\Programs\\Python\\Python312\\Lib\\site-packages\\mlflow\\utils\\annotations.py', reloading
2024-09-29 00:14:49,613 - INFO -  * Detected change in 'C:\\Users\\suraj\\AppData\\Local\\Programs\\Python\\Python312\\Lib\\site-packages\\mlflow\\utils\\annotations.py', reloading
2024-09-29 00:14:49,633 - INFO -  * Detected change in 'C:\\Users\\suraj\\AppData\\Local\\Programs\\Python\\Python312\\Lib\\site-packages\\numpy\\_typing\\_nbit.py', reloading
2024-09-29 00:14:49,634 - INFO -  * Detected change in 'C:\\Users\\suraj\\AppData\\Local\\Programs\\Python\\Python312\\Lib\\site-packages\\numpy\\_typing\\_nbit.py', reloading
2024-09-29 00:14:49,655 - INFO -  * Detected change in 'C:\\Users\\suraj\\AppData\\Local\\Programs\\Python\\Python312\\Lib\\site-packages\\numpy\\_typing\\_char_codes.py', reloading
2024-09-29 00:14:49,717 - INFO -  * Detected change in 'C:\\Users\\suraj\\AppData\\Local\\Programs\\Python\\Python312\\Lib\\site-packages\\numpy\\_typing\\_dtype_like.py', reloading
2024-09-29 00:14:49,737 - INFO -  * Detected change in 'C:\\Users\\suraj\\AppData\\Local\\Programs\\Python\\Python312\\Lib\\site-packages\\numpy\\_typing\\_shape.py', reloading
2024-09-29 00:14:49,737 - INFO -  * Detected change in 'C:\\Users\\suraj\\AppData\\Local\\Programs\\Python\\Python312\\Lib\\site-packages\\numpy\\_typing\\_shape.py', reloading
2024-09-29 00:14:50,219 - INFO -  * Detected change in 'C:\\Users\\suraj\\Desktop\\book_recommendation\\model.py', reloading
2024-09-29 00:14:50,219 - INFO -  * Detected change in 'C:\\Users\\suraj\\Desktop\\book_recommendation\\model.py', reloading
2024-09-29 00:14:50,220 - INFO -  * Detected change in 'C:\\Users\\suraj\\Desktop\\book_recommendation\\model.py', reloading
2024-09-29 00:14:50,240 - INFO -  * Detected change in 'C:\\Users\\suraj\\Desktop\\book_recommendation\\model.py', reloading
2024-09-29 00:14:50,240 - INFO -  * Detected change in 'C:\\Users\\suraj\\Desktop\\book_recommendation\\model.py', reloading
2024-09-29 00:14:50,242 - INFO -  * Detected change in 'C:\\Users\\suraj\\Desktop\\book_recommendation\\model.py', reloading
2024-09-29 00:14:50,242 - INFO -  * Detected change in 'C:\\Users\\suraj\\Desktop\\book_recommendation\\model.py', reloading
2024-09-29 00:14:51,092 - INFO -  * Restarting with watchdog (windowsapi)
2024-09-29 00:14:56,006 - INFO - KMeans model trained with inertia: 188.50278812923062
2024-09-29 00:15:00,383 - INFO - KMeans model trained with inertia: 188.50278812923062
2024-09-29 00:15:02,751 - INFO - KMeans model logged successfully in MLflow with signature and input example.
2024-09-29 00:15:02,759 - INFO - Starting the Flask application...
2024-09-29 00:15:02,764 - WARNING -  * Debugger is active!
2024-09-29 00:15:02,768 - INFO -  * Debugger PIN: 235-496-468
2024-09-29 00:15:06,309 - INFO - KMeans model logged successfully in MLflow with signature and input example.
2024-09-29 00:15:06,316 - INFO - Starting the Flask application...
2024-09-29 00:15:06,331 - INFO - [31m[1mWARNING: This is a development server. Do not use it in a production deployment. Use a production WSGI server instead.[0m
 * Running on http://127.0.0.1:5000
2024-09-29 00:15:06,331 - INFO - [33mPress CTRL+C to quit[0m
2024-09-29 00:15:06,346 - INFO -  * Restarting with watchdog (windowsapi)
2024-09-29 00:15:10,321 - INFO - KMeans model trained with inertia: 188.50278812923062
2024-09-29 00:15:16,448 - INFO - KMeans model logged successfully in MLflow with signature and input example.
2024-09-29 00:15:16,463 - INFO - Starting the Flask application...
2024-09-29 00:15:16,474 - WARNING -  * Debugger is active!
2024-09-29 00:15:16,479 - INFO -  * Debugger PIN: 235-496-468
2024-09-29 00:16:28,543 - INFO -  * Detected change in 'C:\\Users\\suraj\\Desktop\\book_recommendation\\model.py', reloading
2024-09-29 00:16:28,545 - INFO -  * Detected change in 'C:\\Users\\suraj\\Desktop\\book_recommendation\\model.py', reloading
2024-09-29 00:16:28,565 - INFO -  * Detected change in 'C:\\Users\\suraj\\Desktop\\book_recommendation\\model.py', reloading
2024-09-29 00:16:29,449 - INFO -  * Restarting with watchdog (windowsapi)
2024-09-29 00:16:34,677 - INFO - KMeans model trained with inertia: 188.50278812923062
2024-09-29 00:16:35,108 - INFO - KMeans model trained with inertia: 188.50278812923062
2024-09-29 00:16:41,720 - INFO - KMeans model logged successfully in MLflow with signature and input example.
2024-09-29 00:16:41,726 - INFO - Starting the Flask application...
2024-09-29 00:16:41,732 - WARNING -  * Debugger is active!
2024-09-29 00:16:41,737 - INFO -  * Debugger PIN: 235-496-468
2024-09-29 00:16:41,848 - INFO - KMeans model trained with inertia: 188.50278812923062
2024-09-29 00:16:47,465 - INFO - KMeans model logged successfully in MLflow with signature and input example.
2024-09-29 00:16:47,471 - INFO - Starting the Flask application...
2024-09-29 00:16:47,486 - INFO - [31m[1mWARNING: This is a development server. Do not use it in a production deployment. Use a production WSGI server instead.[0m
 * Running on http://127.0.0.1:5000
2024-09-29 00:16:47,486 - INFO - [33mPress CTRL+C to quit[0m
2024-09-29 00:16:47,499 - INFO -  * Restarting with watchdog (windowsapi)
2024-09-29 00:16:51,605 - INFO - KMeans model trained with inertia: 188.50278812923062
2024-09-29 00:16:58,211 - INFO - KMeans model logged successfully in MLflow with signature and input example.
2024-09-29 00:16:58,220 - INFO - Starting the Flask application...
2024-09-29 00:16:58,227 - WARNING -  * Debugger is active!
2024-09-29 00:16:58,232 - INFO -  * Debugger PIN: 235-496-468
2024-09-29 00:17:50,648 - INFO - Recommendations for 'Fundamentals of Wavelets' fetched successfully.
2024-09-29 00:17:50,650 - INFO - Recommendations for 'Fundamentals of Wavelets' returned successfully.
2024-09-29 00:17:50,650 - INFO - 127.0.0.1 - - [29/Sep/2024 00:17:50] "GET /recommend?title=Fundamentals%20of%20Wavelets HTTP/1.1" 200 -
2024-09-29 00:18:02,915 - INFO - Recommendations for 'Data Smart' fetched successfully.
2024-09-29 00:18:02,915 - INFO - Recommendations for 'Data Smart' returned successfully.
2024-09-29 00:18:02,915 - INFO - 127.0.0.1 - - [29/Sep/2024 00:18:02] "GET /recommend?title=Data%20Smart HTTP/1.1" 200 -
2024-09-29 00:18:12,455 - INFO - Recommendations for 'God Created the Integers' fetched successfully.
2024-09-29 00:18:12,455 - INFO - Recommendations for 'God Created the Integers' returned successfully.
2024-09-29 00:18:12,456 - INFO - 127.0.0.1 - - [29/Sep/2024 00:18:12] "GET /recommend?title=God%20Created%20the%20Integers HTTP/1.1" 200 -
